<?xml version="1.0" encoding="UTF-8"?>
<!-- Generated by org.testng.reporters.JUnitXMLReporter -->
<testsuite hostname="DESKTOP-PLGNAD0" ignored="0" name="validate text" tests="1" failures="1" timestamp="04 Apr 2020 14:22:09 GMT" time="19.599" errors="0">
  <testcase name="validateAppTitle" time="0.146" classname="QAclick.ValidateTest">
    <failure type="java.lang.AssertionError" message="expected [FEATURED COU1RSES] but found [FEATURED COURSES]">
      <![CDATA[java.lang.AssertionError: expected [FEATURED COU1RSES] but found [FEATURED COURSES]
at QAclick.ValidateTest.validateAppTitle(ValidateTest.java:44)
at java.util.concurrent.FutureTask.run(Unknown Source)
at java.util.concurrent.ThreadPoolExecutor.runWorker(Unknown Source)
at java.util.concurrent.ThreadPoolExecutor$Worker.run(Unknown Source)
at java.lang.Thread.run(Unknown Source)
... Removed 22 stack frames]]>
    </failure>
  </testcase> <!-- validateAppTitle -->
</testsuite> <!-- validate text -->
