<?xml version="1.0" encoding="UTF-8"?>
<testng-results skipped="0" failed="0" ignored="0" total="1" passed="1">
  <reporter-output>
  </reporter-output>
  <suite name="Default suite" duration-ms="40637" started-at="2020-04-07T16:01:56Z" finished-at="2020-04-07T16:02:37Z">
    <groups>
    </groups>
    <test name="Default test" duration-ms="40637" started-at="2020-04-07T16:01:56Z" finished-at="2020-04-07T16:02:37Z">
      <class name="QAclick.E2Etesting">
        <test-method status="PASS" signature="E2E()[pri:0, instance:QAclick.E2Etesting@28d25987]" name="E2E" duration-ms="40485" started-at="2020-04-07T16:01:56Z" finished-at="2020-04-07T16:02:37Z">
          <reporter-output>
          </reporter-output>
        </test-method> <!-- E2E -->
      </class> <!-- QAclick.E2Etesting -->
    </test> <!-- Default test -->
  </suite> <!-- Default suite -->
</testng-results>
